<?xml version="1.0" encoding="UTF-8"?>
<testsuite name="taxipark.TestTask1FakeDrivers" tests="7" skipped="0" failures="0" errors="0" timestamp="2019-10-22T09:09:21" hostname="motamed-PC" time="0.105">
  <properties/>
  <testcase name="test0" classname="taxipark.TestTask1FakeDrivers" time="0.085"/>
  <testcase name="test1" classname="taxipark.TestTask1FakeDrivers" time="0.003"/>
  <testcase name="test2" classname="taxipark.TestTask1FakeDrivers" time="0.002"/>
  <testcase name="test3" classname="taxipark.TestTask1FakeDrivers" time="0.002"/>
  <testcase name="test4" classname="taxipark.TestTask1FakeDrivers" time="0.002"/>
  <testcase name="test5" classname="taxipark.TestTask1FakeDrivers" time="0.002"/>
  <testcase name="test6" classname="taxipark.TestTask1FakeDrivers" time="0.007"/>
  <system-out><![CDATA[]]></system-out>
  <system-err><![CDATA[]]></system-err>
</testsuite>
