<?xml version="1.0" encoding="UTF-8"?>
<testsuite name="taxipark.TestTask4SmartPassengers" tests="12" skipped="0" failures="0" errors="0" timestamp="2019-10-22T09:09:22" hostname="motamed-PC" time="0.029">
  <properties/>
  <testcase name="test00" classname="taxipark.TestTask4SmartPassengers" time="0.008"/>
  <testcase name="test01" classname="taxipark.TestTask4SmartPassengers" time="0.0"/>
  <testcase name="test02" classname="taxipark.TestTask4SmartPassengers" time="0.001"/>
  <testcase name="test03" classname="taxipark.TestTask4SmartPassengers" time="0.001"/>
  <testcase name="test04" classname="taxipark.TestTask4SmartPassengers" time="0.001"/>
  <testcase name="test05" classname="taxipark.TestTask4SmartPassengers" time="0.001"/>
  <testcase name="test06" classname="taxipark.TestTask4SmartPassengers" time="0.002"/>
  <testcase name="test07" classname="taxipark.TestTask4SmartPassengers" time="0.001"/>
  <testcase name="test08" classname="taxipark.TestTask4SmartPassengers" time="0.001"/>
  <testcase name="test09" classname="taxipark.TestTask4SmartPassengers" time="0.005"/>
  <testcase name="test10" classname="taxipark.TestTask4SmartPassengers" time="0.002"/>
  <testcase name="test11" classname="taxipark.TestTask4SmartPassengers" time="0.001"/>
  <system-out><![CDATA[[]
[(Passenger(name=P-2), 1)]
[(Passenger(name=P-2), 1), (Passenger(name=P-5), 2), (Passenger(name=P-3), 2), (Passenger(name=P-8), 3), (Passenger(name=P-4), 3), (Passenger(name=P-1), 1), (Passenger(name=P-0), 1), (Passenger(name=P-9), 2), (Passenger(name=P-7), 1)]
[(Passenger(name=P-1), 3), (Passenger(name=P-2), 4), (Passenger(name=P-0), 4)]
[(Passenger(name=P-0), 2), (Passenger(name=P-2), 3), (Passenger(name=P-1), 2)]
[(Passenger(name=P-0), 3), (Passenger(name=P-1), 4), (Passenger(name=P-2), 4)]
[(Passenger(name=P-1), 6), (Passenger(name=P-2), 2), (Passenger(name=P-0), 3)]
[(Passenger(name=P-1), 5), (Passenger(name=P-0), 2), (Passenger(name=P-2), 4)]
[(Passenger(name=P-0), 5), (Passenger(name=P-1), 5), (Passenger(name=P-2), 4)]
[(Passenger(name=P-7), 7), (Passenger(name=P-5), 5), (Passenger(name=P-9), 7), (Passenger(name=P-3), 2), (Passenger(name=P-2), 2), (Passenger(name=P-6), 5), (Passenger(name=P-4), 5), (Passenger(name=P-8), 3), (Passenger(name=P-1), 2), (Passenger(name=P-0), 2)]
[(Passenger(name=P-5), 4), (Passenger(name=P-1), 3), (Passenger(name=P-0), 1), (Passenger(name=P-3), 3), (Passenger(name=P-8), 5), (Passenger(name=P-2), 4), (Passenger(name=P-7), 7), (Passenger(name=P-6), 6), (Passenger(name=P-4), 4), (Passenger(name=P-9), 7)]
[(Passenger(name=P-9), 3), (Passenger(name=P-0), 2), (Passenger(name=P-5), 1), (Passenger(name=P-6), 1), (Passenger(name=P-3), 2), (Passenger(name=P-4), 1), (Passenger(name=P-1), 1), (Passenger(name=P-2), 1)]
]]></system-out>
  <system-err><![CDATA[]]></system-err>
</testsuite>
